<?xml version="1.0" encoding="UTF-8"?>
<!-- Generated by org.testng.reporters.JUnitReportReporter -->
<testsuite hostname="DESKTOP-33E6G8O" failures="0" tests="1" name="myProject.RestAssured1" time="4.203" errors="0" timestamp="12 Aug 2019 16:57:41 GMT" skipped="0">
  <testcase classname="myProject.RestAssured1" name="GetWeatherDetails" time="4.203"/>
</testsuite> <!-- myProject.RestAssured1 -->
