<?xml version="1.0" encoding="UTF-8"?>
<!-- Generated by org.testng.reporters.JUnitReportReporter -->
<testsuite hostname="DESKTOP-33E6G8O" failures="0" tests="2" name="myProject.Restsingleget" time="0.740" errors="0" timestamp="12 Aug 2019 14:30:48 GMT" skipped="0">
  <testcase classname="myProject.Restsingleget" name="getsingle1" time="0.424"/>
  <testcase classname="myProject.Restsingleget" name="getsingle" time="0.316"/>
</testsuite> <!-- myProject.Restsingleget -->
