<?xml version="1.0" encoding="UTF-8"?>
<!-- Generated by org.testng.reporters.JUnitReportReporter -->
<testsuite hostname="DESKTOP-33E6G8O" failures="0" tests="1" name="myProject.Restassured" time="0.752" errors="0" timestamp="12 Aug 2019 14:30:48 GMT" skipped="0">
  <testcase classname="myProject.Restassured" name="RegistrationSuccessful" time="0.752"/>
</testsuite> <!-- myProject.Restassured -->
