<?xml version="1.0" encoding="UTF-8"?>
<!-- Generated by org.testng.reporters.JUnitReportReporter -->
<testsuite hostname="DESKTOP-33E6G8O" failures="0" tests="3" name="myProject.Example" time="2.408" errors="0" timestamp="13 Aug 2019 16:12:35 GMT" skipped="0">
  <testcase classname="myProject.Example" name="postaddinfo" time="0.782"/>
  <testcase classname="myProject.Example" name="postaddinfo" time="0.783"/>
  <testcase classname="myProject.Example" name="postaddinfo" time="0.843"/>
</testsuite> <!-- myProject.Example -->
