<?xml version="1.0" encoding="UTF-8"?>
<!-- Generated by org.testng.reporters.JUnitReportReporter -->
<testsuite hostname="DESKTOP-33E6G8O" failures="0" tests="3" name="myProject.Datadriven" time="2.650" errors="0" timestamp="13 Aug 2019 16:12:35 GMT" skipped="0">
  <testcase classname="myProject.Datadriven" name="getinfo" time="0.858"/>
  <testcase classname="myProject.Datadriven" name="getinfo" time="0.837"/>
  <testcase classname="myProject.Datadriven" name="getinfo" time="0.955"/>
</testsuite> <!-- myProject.Datadriven -->
