<?xml version="1.0" encoding="UTF-8"?>
<!-- Generated by org.testng.reporters.JUnitReportReporter -->
<testsuite hostname="DESKTOP-33E6G8O" failures="0" tests="3" name="myProject.Datadriven" time="2.977" errors="0" timestamp="12 Aug 2019 14:30:48 GMT" skipped="0">
  <testcase classname="myProject.Datadriven" name="getinfo" time="0.885"/>
  <testcase classname="myProject.Datadriven" name="getinfo" time="0.813"/>
  <testcase classname="myProject.Datadriven" name="getinfo" time="1.279"/>
</testsuite> <!-- myProject.Datadriven -->
