<?xml version="1.0" encoding="UTF-8"?>
<!-- Generated by org.testng.reporters.JUnitReportReporter -->
<testsuite hostname="DESKTOP-33E6G8O" failures="0" tests="3" name="myProject.Example" time="2.696" errors="0" timestamp="12 Aug 2019 14:30:48 GMT" skipped="0">
  <testcase classname="myProject.Example" name="postaddinfo" time="0.719"/>
  <testcase classname="myProject.Example" name="postaddinfo" time="1.220"/>
  <testcase classname="myProject.Example" name="postaddinfo" time="0.757"/>
</testsuite> <!-- myProject.Example -->
