<?xml version="1.0" encoding="UTF-8"?>
<!-- Generated by org.testng.reporters.JUnitReportReporter -->
<testsuite hostname="DESKTOP-33E6G8O" failures="0" tests="2" name="myProject.Restsingleget" time="1.021" errors="0" timestamp="13 Aug 2019 16:12:36 GMT" skipped="0">
  <testcase classname="myProject.Restsingleget" name="getsingle1" time="0.491"/>
  <testcase classname="myProject.Restsingleget" name="getsingle" time="0.530"/>
</testsuite> <!-- myProject.Restsingleget -->
