<?xml version="1.0" encoding="UTF-8"?>
<!-- Generated by org.testng.reporters.JUnitReportReporter -->
<testsuite hostname="DESKTOP-33E6G8O" failures="0" tests="1" name="myProject.RestAssured1" time="4.953" errors="0" timestamp="15 Aug 2019 08:17:37 GMT" skipped="0">
  <testcase classname="myProject.RestAssured1" name="GetWeatherDetails" time="4.953"/>
</testsuite> <!-- myProject.RestAssured1 -->
