<?xml version="1.0" encoding="UTF-8"?>
<!-- Generated by org.testng.reporters.JUnitReportReporter -->
<testsuite hostname="DESKTOP-33E6G8O" failures="0" tests="2" name="myProject.Restsingleget" time="2.109" errors="0" timestamp="15 Aug 2019 08:17:37 GMT" skipped="0">
  <testcase classname="myProject.Restsingleget" name="getsingle" time="0.843"/>
  <testcase classname="myProject.Restsingleget" name="getsingle1" time="1.266"/>
</testsuite> <!-- myProject.Restsingleget -->
