<?xml version="1.0" encoding="UTF-8"?>
<!-- Generated by org.testng.reporters.JUnitReportReporter -->
<testsuite hostname="DESKTOP-33E6G8O" failures="0" tests="3" name="myProject.Datadriven" time="1.921" errors="0" timestamp="15 Aug 2019 08:17:37 GMT" skipped="0">
  <testcase classname="myProject.Datadriven" name="getinfo" time="0.672"/>
  <testcase classname="myProject.Datadriven" name="getinfo" time="0.624"/>
  <testcase classname="myProject.Datadriven" name="getinfo" time="0.625"/>
</testsuite> <!-- myProject.Datadriven -->
